2017-03-05 15:50:55,199 INFO  [main] root: socket established localhost:4000
2017-03-05 15:50:55,200 INFO  [main] root: Connection established
2017-03-05 15:50:55,200 INFO  [Thread-0] root: Client thread starts running
2017-03-05 15:55:28,438 INFO  [main] root: socket established 127.0.0.1:3000
2017-03-05 15:55:28,439 INFO  [main] root: Connection established
2017-03-05 15:55:28,439 INFO  [Thread-1] root: Client thread starts running
2017-03-05 16:05:50,646 INFO  [main] root: disconnecting 127.0.0.1:3000
2017-03-05 16:12:38,583 INFO  [main] root: socket established localhost:3000
2017-03-05 16:12:38,585 INFO  [main] root: Connection established
2017-03-05 16:12:38,585 INFO  [Thread-0] root: Client thread starts running
2017-03-05 16:12:51,518 INFO  [main] root: Send message:	 'put ali azhar'
2017-03-05 16:12:51,519 INFO  [main] root: Receive message:	 'Connection to MSRG Echo server established: /127.0.0.1 / 3000'
2017-03-05 16:13:08,818 INFO  [main] root: Send message:	 'get ali'
2017-03-05 16:13:08,818 INFO  [main] root: Receive message:	 'PUT_UPDATE ali azhar'
2017-03-05 16:13:17,890 INFO  [main] root: Send message:	 'get ali'
2017-03-05 16:13:17,890 INFO  [main] root: Receive message:	 'GET_SUCCESS ali azhar'
2017-03-05 16:28:01,209 INFO  [main] root: Connection established
2017-03-05 16:28:01,210 INFO  [Thread-0] root: Client thread starts running
2017-03-05 16:28:16,808 INFO  [main] root: connection is refused when establishing socket 127.0.0.1:888
2017-03-05 16:28:16,810 INFO  [main] root: Connection established
2017-03-05 16:28:16,810 INFO  [Thread-1] root: Client thread starts running
